2025-01-17 18:37:50.963 [main] INFO  languages.map.MapApplication - Starting MapApplication using Java 17.0.9 with PID 3624 (C:\Projects\Map\backend\build\classes\java\main started by Mykyta in C:\Projects\Map\backend)
2025-01-17 18:37:50.969 [main] DEBUG languages.map.MapApplication - Running with Spring Boot v3.4.0, Spring v6.2.0
2025-01-17 18:37:50.972 [main] INFO  languages.map.MapApplication - No active profile set, falling back to 1 default profile: "default"
2025-01-17 18:37:52.796 [main] INFO  o.s.d.r.c.RepositoryConfigurationDelegate - Bootstrapping Spring Data MongoDB repositories in DEFAULT mode.
2025-01-17 18:37:52.962 [main] INFO  o.s.d.r.c.RepositoryConfigurationDelegate - Finished Spring Data repository scanning in 147 ms. Found 2 MongoDB repository interfaces.
2025-01-17 18:38:41.551 [main] INFO  languages.map.MapApplication - Starting MapApplication using Java 17.0.9 with PID 14728 (C:\Projects\Map\backend\build\classes\java\main started by Mykyta in C:\Projects\Map\backend)
2025-01-17 18:38:41.556 [main] DEBUG languages.map.MapApplication - Running with Spring Boot v3.4.0, Spring v6.2.0
2025-01-17 18:38:41.558 [main] INFO  languages.map.MapApplication - No active profile set, falling back to 1 default profile: "default"
2025-01-17 18:38:43.273 [main] INFO  o.s.d.r.c.RepositoryConfigurationDelegate - Bootstrapping Spring Data MongoDB repositories in DEFAULT mode.
2025-01-17 18:38:43.444 [main] INFO  o.s.d.r.c.RepositoryConfigurationDelegate - Finished Spring Data repository scanning in 156 ms. Found 2 MongoDB repository interfaces.
2025-01-17 18:40:48.588 [main] INFO  languages.map.MapApplication - Starting MapApplication using Java 17.0.9 with PID 18700 (C:\Projects\Map\backend\build\classes\java\main started by Mykyta in C:\Projects\Map\backend)
2025-01-17 18:40:48.595 [main] DEBUG languages.map.MapApplication - Running with Spring Boot v3.4.0, Spring v6.2.0
2025-01-17 18:40:48.597 [main] INFO  languages.map.MapApplication - No active profile set, falling back to 1 default profile: "default"
2025-01-17 18:40:50.343 [main] INFO  o.s.d.r.c.RepositoryConfigurationDelegate - Bootstrapping Spring Data MongoDB repositories in DEFAULT mode.
2025-01-17 18:40:50.472 [main] INFO  o.s.d.r.c.RepositoryConfigurationDelegate - Finished Spring Data repository scanning in 116 ms. Found 2 MongoDB repository interfaces.
2025-01-17 18:43:36.904 [main] INFO  languages.map.MapApplication - Starting MapApplication using Java 17.0.9 with PID 12472 (C:\Projects\Map\backend\build\classes\java\main started by Mykyta in C:\Projects\Map\backend)
2025-01-17 18:43:36.911 [main] DEBUG languages.map.MapApplication - Running with Spring Boot v3.4.0, Spring v6.2.0
2025-01-17 18:43:36.916 [main] INFO  languages.map.MapApplication - No active profile set, falling back to 1 default profile: "default"
2025-01-17 18:43:39.228 [main] INFO  o.s.d.r.c.RepositoryConfigurationDelegate - Bootstrapping Spring Data MongoDB repositories in DEFAULT mode.
2025-01-17 18:43:39.373 [main] INFO  o.s.d.r.c.RepositoryConfigurationDelegate - Finished Spring Data repository scanning in 130 ms. Found 2 MongoDB repository interfaces.
2025-01-17 18:45:18.482 [main] INFO  languages.map.MapApplication - Starting MapApplication using Java 17.0.9 with PID 12008 (C:\Projects\Map\backend\build\classes\java\main started by Mykyta in C:\Projects\Map\backend)
2025-01-17 18:45:18.489 [main] DEBUG languages.map.MapApplication - Running with Spring Boot v3.4.0, Spring v6.2.0
2025-01-17 18:45:18.491 [main] INFO  languages.map.MapApplication - No active profile set, falling back to 1 default profile: "default"
2025-01-17 18:45:20.207 [main] INFO  o.s.d.r.c.RepositoryConfigurationDelegate - Bootstrapping Spring Data MongoDB repositories in DEFAULT mode.
2025-01-17 18:45:20.361 [main] INFO  o.s.d.r.c.RepositoryConfigurationDelegate - Finished Spring Data repository scanning in 137 ms. Found 2 MongoDB repository interfaces.
2025-01-17 18:45:55.164 [main] INFO  o.s.t.context.aot.TestClassScanner - Scanning for Spring test classes in all packages in classpath roots [C:\Projects\Map\backend\build\classes\java\test]
2025-01-17 18:45:56.115 [main] INFO  o.s.t.c.s.AnnotationConfigContextLoaderUtils - Could not detect default configuration classes for test class [languages.map.MapApplicationTests]: MapApplicationTests does not declare any static, non-private, non-final, nested classes annotated with @Configuration.
2025-01-17 18:45:56.360 [main] INFO  o.s.b.t.c.SpringBootTestContextBootstrapper - Found @SpringBootConfiguration languages.map.MapApplication for test class languages.map.MapApplicationTests
2025-01-17 18:45:57.274 [main] INFO  languages.map.MapApplicationTests - Starting MapApplicationTests using Java 17.0.9 with PID 25568 (C:\Projects\Map\backend\build\classes\java\test started by Mykyta in C:\Projects\Map\backend)
2025-01-17 18:45:57.275 [main] DEBUG languages.map.MapApplicationTests - Running with Spring Boot v3.4.0, Spring v6.2.0
2025-01-17 18:45:57.278 [main] INFO  languages.map.MapApplicationTests - No active profile set, falling back to 1 default profile: "default"
2025-01-17 18:45:58.906 [main] INFO  o.s.d.r.c.RepositoryConfigurationDelegate - Bootstrapping Spring Data MongoDB repositories in DEFAULT mode.
2025-01-17 18:45:59.044 [main] INFO  o.s.d.r.c.RepositoryConfigurationDelegate - Finished Spring Data repository scanning in 124 ms. Found 2 MongoDB repository interfaces.
2025-01-17 18:46:02.891 [main] INFO  l.map.controller.ControllersTest - Starting ControllersTest using Java 17.0.9 with PID 25568 (C:\Projects\Map\backend\build\classes\java\test started by Mykyta in C:\Projects\Map\backend)
2025-01-17 18:46:02.891 [main] DEBUG l.map.controller.ControllersTest - Running with Spring Boot v3.4.0, Spring v6.2.0
2025-01-17 18:46:02.892 [main] INFO  l.map.controller.ControllersTest - No active profile set, falling back to 1 default profile: "default"
2025-01-17 18:46:17.984 [Test worker] INFO  o.s.t.c.s.AnnotationConfigContextLoaderUtils - Could not detect default configuration classes for test class [languages.map.MapApplicationTests]: MapApplicationTests does not declare any static, non-private, non-final, nested classes annotated with @Configuration.
2025-01-17 18:46:18.239 [Test worker] INFO  o.s.b.t.c.SpringBootTestContextBootstrapper - Found @SpringBootConfiguration languages.map.MapApplication for test class languages.map.MapApplicationTests
2025-01-17 18:46:18.979 [Test worker] INFO  languages.map.MapApplicationTests - Starting MapApplicationTests using Java 17.0.9 with PID 17236 (started by Mykyta in C:\Projects\Map\backend)
2025-01-17 18:46:18.979 [Test worker] DEBUG languages.map.MapApplicationTests - Running with Spring Boot v3.4.0, Spring v6.2.0
2025-01-17 18:46:18.981 [Test worker] INFO  languages.map.MapApplicationTests - No active profile set, falling back to 1 default profile: "default"
2025-01-17 18:46:20.367 [Test worker] INFO  o.s.d.r.c.RepositoryConfigurationDelegate - Bootstrapping Spring Data MongoDB repositories in DEFAULT mode.
2025-01-17 18:46:20.477 [Test worker] INFO  o.s.d.r.c.RepositoryConfigurationDelegate - Finished Spring Data repository scanning in 98 ms. Found 2 MongoDB repository interfaces.
2025-01-17 18:46:21.302 [cluster-ClusterId{value='678a895d7eeb6150c81cd07d', description='null'}-srv-cluster0.gnh8e.mongodb.net] INFO  org.mongodb.driver.cluster - Adding discovered server cluster0-shard-00-00.gnh8e.mongodb.net:27017 to client view of cluster
2025-01-17 18:46:21.362 [Test worker] INFO  org.mongodb.driver.client - MongoClient with metadata {"driver": {"name": "mongo-java-driver|sync|spring-boot", "version": "4.11.2"}, "os": {"type": "Windows", "name": "Windows 11", "architecture": "amd64", "version": "10.0"}, "platform": "Java/GraalVM Community/17.0.9+9-jvmci-23.0-b22"} created with settings MongoClientSettings{readPreference=primary, writeConcern=WriteConcern{w=null, wTimeout=null ms, journal=null}, retryWrites=true, retryReads=true, readConcern=ReadConcern{level=null}, credential=MongoCredential{mechanism=null, userName='nktpedko', source='admin', password=<hidden>, mechanismProperties=<hidden>}, transportSettings=null, streamFactoryFactory=null, commandListeners=[], codecRegistry=ProvidersCodecRegistry{codecProviders=[ValueCodecProvider{}, BsonValueCodecProvider{}, DBRefCodecProvider{}, DBObjectCodecProvider{}, DocumentCodecProvider{}, CollectionCodecProvider{}, IterableCodecProvider{}, MapCodecProvider{}, GeoJsonCodecProvider{}, GridFSFileCodecProvider{}, Jsr310CodecProvider{}, JsonObjectCodecProvider{}, BsonCodecProvider{}, EnumCodecProvider{}, com.mongodb.client.model.mql.ExpressionCodecProvider@52abed9d, com.mongodb.Jep395RecordCodecProvider@281b2dfd, com.mongodb.KotlinCodecProvider@492be039]}, loggerSettings=LoggerSettings{maxDocumentLength=1000}, clusterSettings={hosts=[127.0.0.1:27017], srvHost=cluster0.gnh8e.mongodb.net, srvServiceName=mongodb, mode=MULTIPLE, requiredClusterType=REPLICA_SET, requiredReplicaSetName='atlas-7rr5hv-shard-0', serverSelector='null', clusterListeners='[]', serverSelectionTimeout='30000 ms', localThreshold='15 ms'}, socketSettings=SocketSettings{connectTimeoutMS=10000, readTimeoutMS=0, receiveBufferSize=0, proxySettings=ProxySettings{host=null, port=null, username=null, password=null}}, heartbeatSocketSettings=SocketSettings{connectTimeoutMS=10000, readTimeoutMS=10000, receiveBufferSize=0, proxySettings=ProxySettings{host=null, port=null, username=null, password=null}}, connectionPoolSettings=ConnectionPoolSettings{maxSize=100, minSize=0, maxWaitTimeMS=120000, maxConnectionLifeTimeMS=0, maxConnectionIdleTimeMS=0, maintenanceInitialDelayMS=0, maintenanceFrequencyMS=60000, connectionPoolListeners=[], maxConnecting=2}, serverSettings=ServerSettings{heartbeatFrequencyMS=10000, minHeartbeatFrequencyMS=500, serverListeners='[]', serverMonitorListeners='[]'}, sslSettings=SslSettings{enabled=true, invalidHostNameAllowed=false, context=null}, applicationName='null', compressorList=[], uuidRepresentation=JAVA_LEGACY, serverApi=null, autoEncryptionSettings=null, dnsClient=null, inetAddressResolver=null, contextProvider=null}
2025-01-17 18:46:21.377 [cluster-ClusterId{value='678a895d7eeb6150c81cd07d', description='null'}-srv-cluster0.gnh8e.mongodb.net] INFO  org.mongodb.driver.cluster - Adding discovered server cluster0-shard-00-02.gnh8e.mongodb.net:27017 to client view of cluster
2025-01-17 18:46:21.388 [cluster-ClusterId{value='678a895d7eeb6150c81cd07d', description='null'}-srv-cluster0.gnh8e.mongodb.net] INFO  org.mongodb.driver.cluster - Adding discovered server cluster0-shard-00-01.gnh8e.mongodb.net:27017 to client view of cluster
2025-01-17 18:46:22.563 [cluster-ClusterId{value='678a895d7eeb6150c81cd07d', description='null'}-cluster0-shard-00-02.gnh8e.mongodb.net:27017] INFO  org.mongodb.driver.cluster - Monitor thread successfully connected to server with description ServerDescription{address=cluster0-shard-00-02.gnh8e.mongodb.net:27017, type=REPLICA_SET_SECONDARY, state=CONNECTED, ok=true, minWireVersion=0, maxWireVersion=25, maxDocumentSize=16777216, logicalSessionTimeoutMinutes=30, roundTripTimeNanos=688927500, setName='atlas-7rr5hv-shard-0', canonicalAddress=cluster0-shard-00-02.gnh8e.mongodb.net:27017, hosts=[cluster0-shard-00-02.gnh8e.mongodb.net:27017, cluster0-shard-00-01.gnh8e.mongodb.net:27017, cluster0-shard-00-00.gnh8e.mongodb.net:27017], passives=[], arbiters=[], primary='cluster0-shard-00-01.gnh8e.mongodb.net:27017', tagSet=TagSet{[Tag{name='availabilityZone', value='eun1-az3'}, Tag{name='diskState', value='READY'}, Tag{name='nodeType', value='ELECTABLE'}, Tag{name='provider', value='AWS'}, Tag{name='region', value='EU_NORTH_1'}, Tag{name='workloadType', value='OPERATIONAL'}]}, electionId=null, setVersion=28, topologyVersion=TopologyVersion{processId=677c1352bae4bb0124eaead6, counter=3}, lastWriteDate=Fri Jan 17 18:46:22 EET 2025, lastUpdateTimeNanos=261185498666700}
2025-01-17 18:46:22.564 [cluster-ClusterId{value='678a895d7eeb6150c81cd07d', description='null'}-cluster0-shard-00-01.gnh8e.mongodb.net:27017] INFO  org.mongodb.driver.cluster - Monitor thread successfully connected to server with description ServerDescription{address=cluster0-shard-00-01.gnh8e.mongodb.net:27017, type=REPLICA_SET_PRIMARY, state=CONNECTED, ok=true, minWireVersion=0, maxWireVersion=25, maxDocumentSize=16777216, logicalSessionTimeoutMinutes=30, roundTripTimeNanos=688722200, setName='atlas-7rr5hv-shard-0', canonicalAddress=cluster0-shard-00-01.gnh8e.mongodb.net:27017, hosts=[cluster0-shard-00-02.gnh8e.mongodb.net:27017, cluster0-shard-00-01.gnh8e.mongodb.net:27017, cluster0-shard-00-00.gnh8e.mongodb.net:27017], passives=[], arbiters=[], primary='cluster0-shard-00-01.gnh8e.mongodb.net:27017', tagSet=TagSet{[Tag{name='availabilityZone', value='eun1-az2'}, Tag{name='diskState', value='READY'}, Tag{name='nodeType', value='ELECTABLE'}, Tag{name='provider', value='AWS'}, Tag{name='region', value='EU_NORTH_1'}, Tag{name='workloadType', value='OPERATIONAL'}]}, electionId=7fffffff00000000000000a4, setVersion=28, topologyVersion=TopologyVersion{processId=677c0f69eab39be594a1a429, counter=6}, lastWriteDate=Fri Jan 17 18:46:22 EET 2025, lastUpdateTimeNanos=261185498572000}
2025-01-17 18:46:22.564 [cluster-ClusterId{value='678a895d7eeb6150c81cd07d', description='null'}-cluster0-shard-00-00.gnh8e.mongodb.net:27017] INFO  org.mongodb.driver.cluster - Monitor thread successfully connected to server with description ServerDescription{address=cluster0-shard-00-00.gnh8e.mongodb.net:27017, type=REPLICA_SET_SECONDARY, state=CONNECTED, ok=true, minWireVersion=0, maxWireVersion=25, maxDocumentSize=16777216, logicalSessionTimeoutMinutes=30, roundTripTimeNanos=688827600, setName='atlas-7rr5hv-shard-0', canonicalAddress=cluster0-shard-00-00.gnh8e.mongodb.net:27017, hosts=[cluster0-shard-00-02.gnh8e.mongodb.net:27017, cluster0-shard-00-01.gnh8e.mongodb.net:27017, cluster0-shard-00-00.gnh8e.mongodb.net:27017], passives=[], arbiters=[], primary='cluster0-shard-00-01.gnh8e.mongodb.net:27017', tagSet=TagSet{[Tag{name='availabilityZone', value='eun1-az1'}, Tag{name='diskState', value='READY'}, Tag{name='nodeType', value='ELECTABLE'}, Tag{name='provider', value='AWS'}, Tag{name='region', value='EU_NORTH_1'}, Tag{name='workloadType', value='OPERATIONAL'}]}, electionId=null, setVersion=28, topologyVersion=TopologyVersion{processId=677c0cecad7c3a5d7b591be1, counter=4}, lastWriteDate=Fri Jan 17 18:46:22 EET 2025, lastUpdateTimeNanos=261185498556300}
2025-01-17 18:46:22.574 [cluster-ClusterId{value='678a895d7eeb6150c81cd07d', description='null'}-cluster0-shard-00-01.gnh8e.mongodb.net:27017] INFO  org.mongodb.driver.cluster - Discovered replica set primary cluster0-shard-00-01.gnh8e.mongodb.net:27017 with max election id 7fffffff00000000000000a4 and max set version 28
2025-01-17 18:46:22.667 [Test worker] WARN  o.s.b.a.s.s.UserDetailsServiceAutoConfiguration - 

Using generated security password: e714d6ca-f52e-4c7b-97a8-0bf2920423b0

This generated password is for development use only. Your security configuration must be updated before running your application in production.

2025-01-17 18:46:22.713 [Test worker] INFO  o.s.s.c.a.a.c.InitializeUserDetailsBeanManagerConfigurer$InitializeUserDetailsManagerConfigurer - Global AuthenticationManager configured with UserDetailsService bean with name inMemoryUserDetailsManager
2025-01-17 18:46:22.868 [Test worker] INFO  o.s.b.a.w.s.WelcomePageHandlerMapping - Adding welcome page: URL [file:/C:/Projects/Map/client/index.html]
2025-01-17 18:46:23.238 [Test worker] DEBUG o.s.s.web.DefaultSecurityFilterChain - Will secure any request with filters: DisableEncodeUrlFilter, WebAsyncManagerIntegrationFilter, SecurityContextHolderFilter, HeaderWriterFilter, LogoutFilter, RequestCacheAwareFilter, SecurityContextHolderAwareRequestFilter, AnonymousAuthenticationFilter, ExceptionTranslationFilter, AuthorizationFilter
2025-01-17 18:46:23.883 [Test worker] INFO  languages.map.MapApplicationTests - Started MapApplicationTests in 5.387 seconds (process running for 7.949)
2025-01-17 18:46:25.457 [Test worker] INFO  l.map.controller.ControllersTest - Starting ControllersTest using Java 17.0.9 with PID 17236 (started by Mykyta in C:\Projects\Map\backend)
2025-01-17 18:46:25.457 [Test worker] DEBUG l.map.controller.ControllersTest - Running with Spring Boot v3.4.0, Spring v6.2.0
2025-01-17 18:46:25.457 [Test worker] INFO  l.map.controller.ControllersTest - No active profile set, falling back to 1 default profile: "default"
2025-01-17 18:46:26.337 [Test worker] INFO  o.s.b.a.w.s.WelcomePageHandlerMapping - Adding welcome page: URL [file:/C:/Projects/Map/client/index.html]
2025-01-17 18:46:26.660 [Test worker] WARN  o.s.b.a.s.s.UserDetailsServiceAutoConfiguration - 

Using generated security password: 94d37498-8192-4fd7-b925-165029784ab9

This generated password is for development use only. Your security configuration must be updated before running your application in production.

2025-01-17 18:46:26.669 [Test worker] INFO  o.s.s.c.a.a.c.InitializeUserDetailsBeanManagerConfigurer$InitializeUserDetailsManagerConfigurer - Global AuthenticationManager configured with UserDetailsService bean with name inMemoryUserDetailsManager
2025-01-17 18:46:26.764 [Test worker] DEBUG o.s.s.web.DefaultSecurityFilterChain - Will secure any request with filters: DisableEncodeUrlFilter, WebAsyncManagerIntegrationFilter, SecurityContextHolderFilter, HeaderWriterFilter, CsrfFilter, LogoutFilter, UsernamePasswordAuthenticationFilter, DefaultResourcesFilter, DefaultLoginPageGeneratingFilter, DefaultLogoutPageGeneratingFilter, BasicAuthenticationFilter, RequestCacheAwareFilter, SecurityContextHolderAwareRequestFilter, AnonymousAuthenticationFilter, ExceptionTranslationFilter, AuthorizationFilter
2025-01-17 18:46:27.023 [Test worker] INFO  o.s.b.t.m.w.SpringBootMockServletContext - Initializing Spring TestDispatcherServlet ''
2025-01-17 18:46:27.026 [Test worker] INFO  o.s.t.w.s.TestDispatcherServlet - Initializing Servlet ''
2025-01-17 18:46:27.034 [Test worker] INFO  o.s.t.w.s.TestDispatcherServlet - Completed initialization in 4 ms
2025-01-17 18:46:27.096 [Test worker] INFO  l.map.controller.ControllersTest - Started ControllersTest in 1.685 seconds (process running for 11.161)
2025-01-17 18:46:27.564 [Test worker] DEBUG o.s.s.w.c.HttpSessionSecurityContextRepository - Created HttpSession as SecurityContext is non-default
2025-01-17 18:46:27.567 [Test worker] DEBUG o.s.s.w.c.HttpSessionSecurityContextRepository - Stored SecurityContextImpl [Authentication=UsernamePasswordAuthenticationToken [Principal=org.springframework.security.core.userdetails.User [Username=testuser, Password=[PROTECTED], Enabled=true, AccountNonExpired=true, CredentialsNonExpired=true, AccountNonLocked=true, Granted Authorities=[ROLE_USER]], Credentials=[PROTECTED], Authenticated=true, Details=null, Granted Authorities=[ROLE_USER]]] to HttpSession [org.springframework.mock.web.MockHttpSession@758655a9]
2025-01-17 18:46:27.627 [Test worker] DEBUG o.s.security.web.FilterChainProxy - Securing POST /api/chunk
2025-01-17 18:46:27.671 [Test worker] DEBUG o.s.security.web.csrf.CsrfFilter - Invalid CSRF token found for http://localhost/api/chunk
2025-01-17 18:46:27.673 [Test worker] DEBUG o.s.s.w.a.AccessDeniedHandlerImpl - Responding with 403 status code
2025-01-17 18:46:27.853 [Test worker] DEBUG o.s.security.web.FilterChainProxy - Securing GET /api/all/2024
2025-01-17 18:46:27.872 [Test worker] DEBUG o.s.s.w.a.AnonymousAuthenticationFilter - Set SecurityContextHolder to anonymous SecurityContext
2025-01-17 18:46:27.892 [Test worker] DEBUG o.s.s.w.s.HttpSessionRequestCache - Saved request http://localhost/api/all/2024?continue to session
2025-01-17 18:46:27.936 [Test worker] DEBUG o.s.s.w.a.DelegatingAuthenticationEntryPoint - Trying to match using And [Not [RequestHeaderRequestMatcher [expectedHeaderName=X-Requested-With, expectedHeaderValue=XMLHttpRequest]], MediaTypeRequestMatcher [contentNegotiationStrategy=org.springframework.web.accept.ContentNegotiationManager@498f5728, matchingMediaTypes=[application/xhtml+xml, image/*, text/html, text/plain], useEquals=false, ignoredMediaTypes=[*/*]]]
2025-01-17 18:46:27.939 [Test worker] DEBUG o.s.s.w.a.DelegatingAuthenticationEntryPoint - Trying to match using Or [RequestHeaderRequestMatcher [expectedHeaderName=X-Requested-With, expectedHeaderValue=XMLHttpRequest], And [Not [MediaTypeRequestMatcher [contentNegotiationStrategy=org.springframework.web.accept.ContentNegotiationManager@498f5728, matchingMediaTypes=[text/html], useEquals=false, ignoredMediaTypes=[]]], MediaTypeRequestMatcher [contentNegotiationStrategy=org.springframework.web.accept.ContentNegotiationManager@498f5728, matchingMediaTypes=[application/atom+xml, application/x-www-form-urlencoded, application/json, application/octet-stream, application/xml, multipart/form-data, text/xml], useEquals=false, ignoredMediaTypes=[*/*]]], MediaTypeRequestMatcher [contentNegotiationStrategy=org.springframework.web.accept.ContentNegotiationManager@498f5728, matchingMediaTypes=[*/*], useEquals=true, ignoredMediaTypes=[]]]
2025-01-17 18:46:27.941 [Test worker] DEBUG o.s.s.w.a.DelegatingAuthenticationEntryPoint - Match found! Executing org.springframework.security.web.authentication.DelegatingAuthenticationEntryPoint@56adbb07
2025-01-17 18:46:27.943 [Test worker] DEBUG o.s.s.w.a.DelegatingAuthenticationEntryPoint - Trying to match using RequestHeaderRequestMatcher [expectedHeaderName=X-Requested-With, expectedHeaderValue=XMLHttpRequest]
2025-01-17 18:46:27.945 [Test worker] DEBUG o.s.s.w.a.DelegatingAuthenticationEntryPoint - No match found. Using default entry point org.springframework.security.web.authentication.www.BasicAuthenticationEntryPoint@2a0881f1
2025-01-17 18:46:28.007 [Test worker] DEBUG o.s.security.web.FilterChainProxy - Securing GET /8080/api/chunks/678a89647eeb6150c81cd084
2025-01-17 18:46:28.009 [Test worker] DEBUG o.s.s.w.a.AnonymousAuthenticationFilter - Set SecurityContextHolder to anonymous SecurityContext
2025-01-17 18:46:28.012 [Test worker] DEBUG o.s.s.w.s.HttpSessionRequestCache - Saved request http://localhost/8080/api/chunks/678a89647eeb6150c81cd084?continue to session
2025-01-17 18:46:28.013 [Test worker] DEBUG o.s.s.w.a.DelegatingAuthenticationEntryPoint - Trying to match using And [Not [RequestHeaderRequestMatcher [expectedHeaderName=X-Requested-With, expectedHeaderValue=XMLHttpRequest]], MediaTypeRequestMatcher [contentNegotiationStrategy=org.springframework.web.accept.ContentNegotiationManager@498f5728, matchingMediaTypes=[application/xhtml+xml, image/*, text/html, text/plain], useEquals=false, ignoredMediaTypes=[*/*]]]
2025-01-17 18:46:28.015 [Test worker] DEBUG o.s.s.w.a.DelegatingAuthenticationEntryPoint - Trying to match using Or [RequestHeaderRequestMatcher [expectedHeaderName=X-Requested-With, expectedHeaderValue=XMLHttpRequest], And [Not [MediaTypeRequestMatcher [contentNegotiationStrategy=org.springframework.web.accept.ContentNegotiationManager@498f5728, matchingMediaTypes=[text/html], useEquals=false, ignoredMediaTypes=[]]], MediaTypeRequestMatcher [contentNegotiationStrategy=org.springframework.web.accept.ContentNegotiationManager@498f5728, matchingMediaTypes=[application/atom+xml, application/x-www-form-urlencoded, application/json, application/octet-stream, application/xml, multipart/form-data, text/xml], useEquals=false, ignoredMediaTypes=[*/*]]], MediaTypeRequestMatcher [contentNegotiationStrategy=org.springframework.web.accept.ContentNegotiationManager@498f5728, matchingMediaTypes=[*/*], useEquals=true, ignoredMediaTypes=[]]]
2025-01-17 18:46:28.017 [Test worker] DEBUG o.s.s.w.a.DelegatingAuthenticationEntryPoint - Match found! Executing org.springframework.security.web.authentication.DelegatingAuthenticationEntryPoint@56adbb07
2025-01-17 18:46:28.018 [Test worker] DEBUG o.s.s.w.a.DelegatingAuthenticationEntryPoint - Trying to match using RequestHeaderRequestMatcher [expectedHeaderName=X-Requested-With, expectedHeaderValue=XMLHttpRequest]
2025-01-17 18:46:28.018 [Test worker] DEBUG o.s.s.w.a.DelegatingAuthenticationEntryPoint - No match found. Using default entry point org.springframework.security.web.authentication.www.BasicAuthenticationEntryPoint@2a0881f1
2025-01-17 18:46:28.051 [Test worker] DEBUG o.s.security.web.FilterChainProxy - Securing POST /api/areas/2024
2025-01-17 18:46:28.053 [Test worker] DEBUG o.s.security.web.csrf.CsrfFilter - Invalid CSRF token found for http://localhost/api/areas/2024
2025-01-17 18:46:28.054 [Test worker] DEBUG o.s.s.w.a.AccessDeniedHandlerImpl - Responding with 403 status code
2025-01-17 18:46:28.096 [Test worker] DEBUG o.s.security.web.FilterChainProxy - Securing GET /api/area/678a89647eeb6150c81cd08c
2025-01-17 18:46:28.097 [Test worker] DEBUG o.s.s.w.a.AnonymousAuthenticationFilter - Set SecurityContextHolder to anonymous SecurityContext
2025-01-17 18:46:28.098 [Test worker] DEBUG o.s.s.w.s.HttpSessionRequestCache - Saved request http://localhost/api/area/678a89647eeb6150c81cd08c?continue to session
2025-01-17 18:46:28.100 [Test worker] DEBUG o.s.s.w.a.DelegatingAuthenticationEntryPoint - Trying to match using And [Not [RequestHeaderRequestMatcher [expectedHeaderName=X-Requested-With, expectedHeaderValue=XMLHttpRequest]], MediaTypeRequestMatcher [contentNegotiationStrategy=org.springframework.web.accept.ContentNegotiationManager@498f5728, matchingMediaTypes=[application/xhtml+xml, image/*, text/html, text/plain], useEquals=false, ignoredMediaTypes=[*/*]]]
2025-01-17 18:46:28.101 [Test worker] DEBUG o.s.s.w.a.DelegatingAuthenticationEntryPoint - Trying to match using Or [RequestHeaderRequestMatcher [expectedHeaderName=X-Requested-With, expectedHeaderValue=XMLHttpRequest], And [Not [MediaTypeRequestMatcher [contentNegotiationStrategy=org.springframework.web.accept.ContentNegotiationManager@498f5728, matchingMediaTypes=[text/html], useEquals=false, ignoredMediaTypes=[]]], MediaTypeRequestMatcher [contentNegotiationStrategy=org.springframework.web.accept.ContentNegotiationManager@498f5728, matchingMediaTypes=[application/atom+xml, application/x-www-form-urlencoded, application/json, application/octet-stream, application/xml, multipart/form-data, text/xml], useEquals=false, ignoredMediaTypes=[*/*]]], MediaTypeRequestMatcher [contentNegotiationStrategy=org.springframework.web.accept.ContentNegotiationManager@498f5728, matchingMediaTypes=[*/*], useEquals=true, ignoredMediaTypes=[]]]
2025-01-17 18:46:28.102 [Test worker] DEBUG o.s.s.w.a.DelegatingAuthenticationEntryPoint - Match found! Executing org.springframework.security.web.authentication.DelegatingAuthenticationEntryPoint@56adbb07
2025-01-17 18:46:28.103 [Test worker] DEBUG o.s.s.w.a.DelegatingAuthenticationEntryPoint - Trying to match using RequestHeaderRequestMatcher [expectedHeaderName=X-Requested-With, expectedHeaderValue=XMLHttpRequest]
2025-01-17 18:46:28.104 [Test worker] DEBUG o.s.s.w.a.DelegatingAuthenticationEntryPoint - No match found. Using default entry point org.springframework.security.web.authentication.www.BasicAuthenticationEntryPoint@2a0881f1
2025-01-17 18:46:28.138 [Test worker] DEBUG o.s.security.web.FilterChainProxy - Securing GET /8080/api/chunks
2025-01-17 18:46:28.141 [Test worker] DEBUG o.s.s.w.a.AnonymousAuthenticationFilter - Set SecurityContextHolder to anonymous SecurityContext
2025-01-17 18:46:28.143 [Test worker] DEBUG o.s.s.w.s.HttpSessionRequestCache - Saved request http://localhost/8080/api/chunks?continue to session
2025-01-17 18:46:28.144 [Test worker] DEBUG o.s.s.w.a.DelegatingAuthenticationEntryPoint - Trying to match using And [Not [RequestHeaderRequestMatcher [expectedHeaderName=X-Requested-With, expectedHeaderValue=XMLHttpRequest]], MediaTypeRequestMatcher [contentNegotiationStrategy=org.springframework.web.accept.ContentNegotiationManager@498f5728, matchingMediaTypes=[application/xhtml+xml, image/*, text/html, text/plain], useEquals=false, ignoredMediaTypes=[*/*]]]
2025-01-17 18:46:28.145 [Test worker] DEBUG o.s.s.w.a.DelegatingAuthenticationEntryPoint - Trying to match using Or [RequestHeaderRequestMatcher [expectedHeaderName=X-Requested-With, expectedHeaderValue=XMLHttpRequest], And [Not [MediaTypeRequestMatcher [contentNegotiationStrategy=org.springframework.web.accept.ContentNegotiationManager@498f5728, matchingMediaTypes=[text/html], useEquals=false, ignoredMediaTypes=[]]], MediaTypeRequestMatcher [contentNegotiationStrategy=org.springframework.web.accept.ContentNegotiationManager@498f5728, matchingMediaTypes=[application/atom+xml, application/x-www-form-urlencoded, application/json, application/octet-stream, application/xml, multipart/form-data, text/xml], useEquals=false, ignoredMediaTypes=[*/*]]], MediaTypeRequestMatcher [contentNegotiationStrategy=org.springframework.web.accept.ContentNegotiationManager@498f5728, matchingMediaTypes=[*/*], useEquals=true, ignoredMediaTypes=[]]]
2025-01-17 18:46:28.147 [Test worker] DEBUG o.s.s.w.a.DelegatingAuthenticationEntryPoint - Match found! Executing org.springframework.security.web.authentication.DelegatingAuthenticationEntryPoint@56adbb07
2025-01-17 18:46:28.148 [Test worker] DEBUG o.s.s.w.a.DelegatingAuthenticationEntryPoint - Trying to match using RequestHeaderRequestMatcher [expectedHeaderName=X-Requested-With, expectedHeaderValue=XMLHttpRequest]
2025-01-17 18:46:28.149 [Test worker] DEBUG o.s.s.w.a.DelegatingAuthenticationEntryPoint - No match found. Using default entry point org.springframework.security.web.authentication.www.BasicAuthenticationEntryPoint@2a0881f1
2025-01-17 18:46:28.177 [Test worker] DEBUG o.s.security.web.FilterChainProxy - Securing POST /api/areas/2024
2025-01-17 18:46:28.178 [Test worker] DEBUG o.s.security.web.csrf.CsrfFilter - Invalid CSRF token found for http://localhost/api/areas/2024
2025-01-17 18:46:28.178 [Test worker] DEBUG o.s.s.w.a.AccessDeniedHandlerImpl - Responding with 403 status code
2025-01-17 18:46:28.222 [Test worker] DEBUG o.s.security.web.FilterChainProxy - Securing POST /api/area
2025-01-17 18:46:28.223 [Test worker] DEBUG o.s.security.web.csrf.CsrfFilter - Invalid CSRF token found for http://localhost/api/area
2025-01-17 18:46:28.224 [Test worker] DEBUG o.s.s.w.a.AccessDeniedHandlerImpl - Responding with 403 status code
2025-01-17 18:46:28.253 [Test worker] DEBUG o.s.security.web.FilterChainProxy - Securing PUT /api/area/678a89647eeb6150c81cd098
2025-01-17 18:46:28.255 [Test worker] DEBUG o.s.security.web.csrf.CsrfFilter - Invalid CSRF token found for http://localhost/api/area/678a89647eeb6150c81cd098
2025-01-17 18:46:28.256 [Test worker] DEBUG o.s.s.w.a.AccessDeniedHandlerImpl - Responding with 403 status code
2025-01-17 18:50:12.060 [main] INFO  languages.map.MapApplication - Starting MapApplication using Java 17.0.9 with PID 16356 (C:\Projects\Map\backend\build\classes\java\main started by Mykyta in C:\Projects\Map\backend)
2025-01-17 18:50:12.064 [main] DEBUG languages.map.MapApplication - Running with Spring Boot v3.4.0, Spring v6.2.0
2025-01-17 18:50:12.066 [main] INFO  languages.map.MapApplication - No active profile set, falling back to 1 default profile: "default"
2025-01-17 18:50:13.491 [main] INFO  o.s.d.r.c.RepositoryConfigurationDelegate - Bootstrapping Spring Data MongoDB repositories in DEFAULT mode.
2025-01-17 18:50:13.603 [main] INFO  o.s.d.r.c.RepositoryConfigurationDelegate - Finished Spring Data repository scanning in 100 ms. Found 2 MongoDB repository interfaces.
2025-01-17 18:50:32.877 [main] INFO  o.s.t.context.aot.TestClassScanner - Scanning for Spring test classes in all packages in classpath roots [C:\Projects\Map\backend\build\classes\java\test]
2025-01-17 18:50:33.569 [main] INFO  o.s.t.c.s.AnnotationConfigContextLoaderUtils - Could not detect default configuration classes for test class [languages.map.MapApplicationTests]: MapApplicationTests does not declare any static, non-private, non-final, nested classes annotated with @Configuration.
2025-01-17 18:50:33.766 [main] INFO  o.s.b.t.c.SpringBootTestContextBootstrapper - Found @SpringBootConfiguration languages.map.MapApplication for test class languages.map.MapApplicationTests
2025-01-17 18:50:34.621 [main] INFO  languages.map.MapApplicationTests - Starting MapApplicationTests using Java 17.0.9 with PID 8292 (C:\Projects\Map\backend\build\classes\java\test started by Mykyta in C:\Projects\Map\backend)
2025-01-17 18:50:34.622 [main] DEBUG languages.map.MapApplicationTests - Running with Spring Boot v3.4.0, Spring v6.2.0
2025-01-17 18:50:34.625 [main] INFO  languages.map.MapApplicationTests - No active profile set, falling back to 1 default profile: "default"
2025-01-17 18:50:36.102 [main] INFO  o.s.d.r.c.RepositoryConfigurationDelegate - Bootstrapping Spring Data MongoDB repositories in DEFAULT mode.
2025-01-17 18:50:36.218 [main] INFO  o.s.d.r.c.RepositoryConfigurationDelegate - Finished Spring Data repository scanning in 103 ms. Found 2 MongoDB repository interfaces.
2025-01-17 18:50:40.145 [main] INFO  l.map.controller.ControllersTest - Starting ControllersTest using Java 17.0.9 with PID 8292 (C:\Projects\Map\backend\build\classes\java\test started by Mykyta in C:\Projects\Map\backend)
2025-01-17 18:50:40.145 [main] DEBUG l.map.controller.ControllersTest - Running with Spring Boot v3.4.0, Spring v6.2.0
2025-01-17 18:50:40.146 [main] INFO  l.map.controller.ControllersTest - No active profile set, falling back to 1 default profile: "default"
2025-01-17 18:50:53.737 [Test worker] INFO  o.s.t.c.s.AnnotationConfigContextLoaderUtils - Could not detect default configuration classes for test class [languages.map.MapApplicationTests]: MapApplicationTests does not declare any static, non-private, non-final, nested classes annotated with @Configuration.
2025-01-17 18:50:53.969 [Test worker] INFO  o.s.b.t.c.SpringBootTestContextBootstrapper - Found @SpringBootConfiguration languages.map.MapApplication for test class languages.map.MapApplicationTests
2025-01-17 18:50:54.731 [Test worker] INFO  languages.map.MapApplicationTests - Starting MapApplicationTests using Java 17.0.9 with PID 18864 (started by Mykyta in C:\Projects\Map\backend)
2025-01-17 18:50:54.732 [Test worker] DEBUG languages.map.MapApplicationTests - Running with Spring Boot v3.4.0, Spring v6.2.0
2025-01-17 18:50:54.735 [Test worker] INFO  languages.map.MapApplicationTests - No active profile set, falling back to 1 default profile: "default"
2025-01-17 18:50:56.084 [Test worker] INFO  o.s.d.r.c.RepositoryConfigurationDelegate - Bootstrapping Spring Data MongoDB repositories in DEFAULT mode.
2025-01-17 18:50:56.194 [Test worker] INFO  o.s.d.r.c.RepositoryConfigurationDelegate - Finished Spring Data repository scanning in 99 ms. Found 2 MongoDB repository interfaces.
2025-01-17 18:50:56.857 [cluster-ClusterId{value='678a8a707ef9976b5664f5ec', description='null'}-srv-cluster0.gnh8e.mongodb.net] INFO  org.mongodb.driver.cluster - Adding discovered server cluster0-shard-00-00.gnh8e.mongodb.net:27017 to client view of cluster
2025-01-17 18:50:56.902 [Test worker] INFO  org.mongodb.driver.client - MongoClient with metadata {"driver": {"name": "mongo-java-driver|sync|spring-boot", "version": "4.11.2"}, "os": {"type": "Windows", "name": "Windows 11", "architecture": "amd64", "version": "10.0"}, "platform": "Java/GraalVM Community/17.0.9+9-jvmci-23.0-b22"} created with settings MongoClientSettings{readPreference=primary, writeConcern=WriteConcern{w=null, wTimeout=null ms, journal=null}, retryWrites=true, retryReads=true, readConcern=ReadConcern{level=null}, credential=MongoCredential{mechanism=null, userName='nktpedko', source='admin', password=<hidden>, mechanismProperties=<hidden>}, transportSettings=null, streamFactoryFactory=null, commandListeners=[], codecRegistry=ProvidersCodecRegistry{codecProviders=[ValueCodecProvider{}, BsonValueCodecProvider{}, DBRefCodecProvider{}, DBObjectCodecProvider{}, DocumentCodecProvider{}, CollectionCodecProvider{}, IterableCodecProvider{}, MapCodecProvider{}, GeoJsonCodecProvider{}, GridFSFileCodecProvider{}, Jsr310CodecProvider{}, JsonObjectCodecProvider{}, BsonCodecProvider{}, EnumCodecProvider{}, com.mongodb.client.model.mql.ExpressionCodecProvider@2db86a7c, com.mongodb.Jep395RecordCodecProvider@261f359f, com.mongodb.KotlinCodecProvider@5b02a984]}, loggerSettings=LoggerSettings{maxDocumentLength=1000}, clusterSettings={hosts=[127.0.0.1:27017], srvHost=cluster0.gnh8e.mongodb.net, srvServiceName=mongodb, mode=MULTIPLE, requiredClusterType=REPLICA_SET, requiredReplicaSetName='atlas-7rr5hv-shard-0', serverSelector='null', clusterListeners='[]', serverSelectionTimeout='30000 ms', localThreshold='15 ms'}, socketSettings=SocketSettings{connectTimeoutMS=10000, readTimeoutMS=0, receiveBufferSize=0, proxySettings=ProxySettings{host=null, port=null, username=null, password=null}}, heartbeatSocketSettings=SocketSettings{connectTimeoutMS=10000, readTimeoutMS=10000, receiveBufferSize=0, proxySettings=ProxySettings{host=null, port=null, username=null, password=null}}, connectionPoolSettings=ConnectionPoolSettings{maxSize=100, minSize=0, maxWaitTimeMS=120000, maxConnectionLifeTimeMS=0, maxConnectionIdleTimeMS=0, maintenanceInitialDelayMS=0, maintenanceFrequencyMS=60000, connectionPoolListeners=[], maxConnecting=2}, serverSettings=ServerSettings{heartbeatFrequencyMS=10000, minHeartbeatFrequencyMS=500, serverListeners='[]', serverMonitorListeners='[]'}, sslSettings=SslSettings{enabled=true, invalidHostNameAllowed=false, context=null}, applicationName='null', compressorList=[], uuidRepresentation=JAVA_LEGACY, serverApi=null, autoEncryptionSettings=null, dnsClient=null, inetAddressResolver=null, contextProvider=null}
2025-01-17 18:50:56.913 [cluster-ClusterId{value='678a8a707ef9976b5664f5ec', description='null'}-srv-cluster0.gnh8e.mongodb.net] INFO  org.mongodb.driver.cluster - Adding discovered server cluster0-shard-00-02.gnh8e.mongodb.net:27017 to client view of cluster
2025-01-17 18:50:56.917 [cluster-ClusterId{value='678a8a707ef9976b5664f5ec', description='null'}-srv-cluster0.gnh8e.mongodb.net] INFO  org.mongodb.driver.cluster - Adding discovered server cluster0-shard-00-01.gnh8e.mongodb.net:27017 to client view of cluster
2025-01-17 18:50:57.759 [cluster-ClusterId{value='678a8a707ef9976b5664f5ec', description='null'}-cluster0-shard-00-02.gnh8e.mongodb.net:27017] INFO  org.mongodb.driver.cluster - Monitor thread successfully connected to server with description ServerDescription{address=cluster0-shard-00-02.gnh8e.mongodb.net:27017, type=REPLICA_SET_SECONDARY, state=CONNECTED, ok=true, minWireVersion=0, maxWireVersion=25, maxDocumentSize=16777216, logicalSessionTimeoutMinutes=30, roundTripTimeNanos=554299500, setName='atlas-7rr5hv-shard-0', canonicalAddress=cluster0-shard-00-02.gnh8e.mongodb.net:27017, hosts=[cluster0-shard-00-02.gnh8e.mongodb.net:27017, cluster0-shard-00-01.gnh8e.mongodb.net:27017, cluster0-shard-00-00.gnh8e.mongodb.net:27017], passives=[], arbiters=[], primary='cluster0-shard-00-01.gnh8e.mongodb.net:27017', tagSet=TagSet{[Tag{name='availabilityZone', value='eun1-az3'}, Tag{name='diskState', value='READY'}, Tag{name='nodeType', value='ELECTABLE'}, Tag{name='provider', value='AWS'}, Tag{name='region', value='EU_NORTH_1'}, Tag{name='workloadType', value='OPERATIONAL'}]}, electionId=null, setVersion=28, topologyVersion=TopologyVersion{processId=677c1352bae4bb0124eaead6, counter=3}, lastWriteDate=Fri Jan 17 18:50:57 EET 2025, lastUpdateTimeNanos=261460695039600}
2025-01-17 18:50:57.760 [cluster-ClusterId{value='678a8a707ef9976b5664f5ec', description='null'}-cluster0-shard-00-01.gnh8e.mongodb.net:27017] INFO  org.mongodb.driver.cluster - Monitor thread successfully connected to server with description ServerDescription{address=cluster0-shard-00-01.gnh8e.mongodb.net:27017, type=REPLICA_SET_PRIMARY, state=CONNECTED, ok=true, minWireVersion=0, maxWireVersion=25, maxDocumentSize=16777216, logicalSessionTimeoutMinutes=30, roundTripTimeNanos=556004000, setName='atlas-7rr5hv-shard-0', canonicalAddress=cluster0-shard-00-01.gnh8e.mongodb.net:27017, hosts=[cluster0-shard-00-02.gnh8e.mongodb.net:27017, cluster0-shard-00-01.gnh8e.mongodb.net:27017, cluster0-shard-00-00.gnh8e.mongodb.net:27017], passives=[], arbiters=[], primary='cluster0-shard-00-01.gnh8e.mongodb.net:27017', tagSet=TagSet{[Tag{name='availabilityZone', value='eun1-az2'}, Tag{name='diskState', value='READY'}, Tag{name='nodeType', value='ELECTABLE'}, Tag{name='provider', value='AWS'}, Tag{name='region', value='EU_NORTH_1'}, Tag{name='workloadType', value='OPERATIONAL'}]}, electionId=7fffffff00000000000000a4, setVersion=28, topologyVersion=TopologyVersion{processId=677c0f69eab39be594a1a429, counter=6}, lastWriteDate=Fri Jan 17 18:50:57 EET 2025, lastUpdateTimeNanos=261460695546500}
2025-01-17 18:50:57.761 [cluster-ClusterId{value='678a8a707ef9976b5664f5ec', description='null'}-cluster0-shard-00-00.gnh8e.mongodb.net:27017] INFO  org.mongodb.driver.cluster - Monitor thread successfully connected to server with description ServerDescription{address=cluster0-shard-00-00.gnh8e.mongodb.net:27017, type=REPLICA_SET_SECONDARY, state=CONNECTED, ok=true, minWireVersion=0, maxWireVersion=25, maxDocumentSize=16777216, logicalSessionTimeoutMinutes=30, roundTripTimeNanos=555685500, setName='atlas-7rr5hv-shard-0', canonicalAddress=cluster0-shard-00-00.gnh8e.mongodb.net:27017, hosts=[cluster0-shard-00-02.gnh8e.mongodb.net:27017, cluster0-shard-00-01.gnh8e.mongodb.net:27017, cluster0-shard-00-00.gnh8e.mongodb.net:27017], passives=[], arbiters=[], primary='cluster0-shard-00-01.gnh8e.mongodb.net:27017', tagSet=TagSet{[Tag{name='availabilityZone', value='eun1-az1'}, Tag{name='diskState', value='READY'}, Tag{name='nodeType', value='ELECTABLE'}, Tag{name='provider', value='AWS'}, Tag{name='region', value='EU_NORTH_1'}, Tag{name='workloadType', value='OPERATIONAL'}]}, electionId=null, setVersion=28, topologyVersion=TopologyVersion{processId=677c0cecad7c3a5d7b591be1, counter=4}, lastWriteDate=Fri Jan 17 18:50:57 EET 2025, lastUpdateTimeNanos=261460695044100}
2025-01-17 18:50:57.778 [cluster-ClusterId{value='678a8a707ef9976b5664f5ec', description='null'}-cluster0-shard-00-01.gnh8e.mongodb.net:27017] INFO  org.mongodb.driver.cluster - Discovered replica set primary cluster0-shard-00-01.gnh8e.mongodb.net:27017 with max election id 7fffffff00000000000000a4 and max set version 28
2025-01-17 18:50:57.978 [Test worker] WARN  o.s.b.a.s.s.UserDetailsServiceAutoConfiguration - 

Using generated security password: f36abf6a-d614-4a3c-80c3-e039e64c727a

This generated password is for development use only. Your security configuration must be updated before running your application in production.

2025-01-17 18:50:58.029 [Test worker] INFO  o.s.s.c.a.a.c.InitializeUserDetailsBeanManagerConfigurer$InitializeUserDetailsManagerConfigurer - Global AuthenticationManager configured with UserDetailsService bean with name inMemoryUserDetailsManager
2025-01-17 18:50:58.196 [Test worker] INFO  o.s.b.a.w.s.WelcomePageHandlerMapping - Adding welcome page: URL [file:/C:/Projects/Map/client/index.html]
2025-01-17 18:50:58.562 [Test worker] DEBUG o.s.s.web.DefaultSecurityFilterChain - Will secure any request with filters: DisableEncodeUrlFilter, WebAsyncManagerIntegrationFilter, SecurityContextHolderFilter, HeaderWriterFilter, LogoutFilter, RequestCacheAwareFilter, SecurityContextHolderAwareRequestFilter, AnonymousAuthenticationFilter, ExceptionTranslationFilter, AuthorizationFilter
2025-01-17 18:50:59.030 [Test worker] INFO  languages.map.MapApplicationTests - Started MapApplicationTests in 4.79 seconds (process running for 6.91)
2025-01-17 18:51:00.224 [Test worker] INFO  l.map.controller.ControllersTest - Starting ControllersTest using Java 17.0.9 with PID 18864 (started by Mykyta in C:\Projects\Map\backend)
2025-01-17 18:51:00.225 [Test worker] DEBUG l.map.controller.ControllersTest - Running with Spring Boot v3.4.0, Spring v6.2.0
2025-01-17 18:51:00.225 [Test worker] INFO  l.map.controller.ControllersTest - No active profile set, falling back to 1 default profile: "default"
2025-01-17 18:51:00.992 [Test worker] INFO  o.s.b.a.w.s.WelcomePageHandlerMapping - Adding welcome page: URL [file:/C:/Projects/Map/client/index.html]
2025-01-17 18:51:01.220 [Test worker] WARN  o.s.b.a.s.s.UserDetailsServiceAutoConfiguration - 

Using generated security password: bda4ede1-0d3a-4a78-9156-bc15a8605572

This generated password is for development use only. Your security configuration must be updated before running your application in production.

2025-01-17 18:51:01.230 [Test worker] INFO  o.s.s.c.a.a.c.InitializeUserDetailsBeanManagerConfigurer$InitializeUserDetailsManagerConfigurer - Global AuthenticationManager configured with UserDetailsService bean with name inMemoryUserDetailsManager
2025-01-17 18:51:01.343 [Test worker] DEBUG o.s.s.web.DefaultSecurityFilterChain - Will secure any request with filters: DisableEncodeUrlFilter, WebAsyncManagerIntegrationFilter, SecurityContextHolderFilter, HeaderWriterFilter, CsrfFilter, LogoutFilter, UsernamePasswordAuthenticationFilter, DefaultResourcesFilter, DefaultLoginPageGeneratingFilter, DefaultLogoutPageGeneratingFilter, BasicAuthenticationFilter, RequestCacheAwareFilter, SecurityContextHolderAwareRequestFilter, AnonymousAuthenticationFilter, ExceptionTranslationFilter, AuthorizationFilter
2025-01-17 18:51:01.547 [Test worker] INFO  o.s.b.t.m.w.SpringBootMockServletContext - Initializing Spring TestDispatcherServlet ''
2025-01-17 18:51:01.549 [Test worker] INFO  o.s.t.w.s.TestDispatcherServlet - Initializing Servlet ''
2025-01-17 18:51:01.554 [Test worker] INFO  o.s.t.w.s.TestDispatcherServlet - Completed initialization in 2 ms
2025-01-17 18:51:01.601 [Test worker] INFO  l.map.controller.ControllersTest - Started ControllersTest in 1.418 seconds (process running for 9.481)
2025-01-17 18:51:01.775 [Test worker] DEBUG o.s.security.web.FilterChainProxy - Securing POST /api/chunks
2025-01-17 18:51:01.801 [Test worker] DEBUG o.s.security.web.csrf.CsrfFilter - Invalid CSRF token found for http://localhost/api/chunks
2025-01-17 18:51:01.803 [Test worker] DEBUG o.s.s.w.a.AccessDeniedHandlerImpl - Responding with 403 status code
2025-01-17 18:51:02.051 [Test worker] DEBUG o.s.s.w.c.HttpSessionSecurityContextRepository - Created HttpSession as SecurityContext is non-default
2025-01-17 18:51:02.052 [Test worker] DEBUG o.s.s.w.c.HttpSessionSecurityContextRepository - Stored SecurityContextImpl [Authentication=UsernamePasswordAuthenticationToken [Principal=org.springframework.security.core.userdetails.User [Username=testuser, Password=[PROTECTED], Enabled=true, AccountNonExpired=true, CredentialsNonExpired=true, AccountNonLocked=true, Granted Authorities=[ROLE_USER]], Credentials=[PROTECTED], Authenticated=true, Details=null, Granted Authorities=[ROLE_USER]]] to HttpSession [org.springframework.mock.web.MockHttpSession@23d07ad3]
2025-01-17 18:51:02.054 [Test worker] DEBUG o.s.security.web.FilterChainProxy - Securing POST /api/chunks
2025-01-17 18:51:02.057 [Test worker] DEBUG o.s.security.web.csrf.CsrfFilter - Invalid CSRF token found for http://localhost/api/chunks
2025-01-17 18:51:02.057 [Test worker] DEBUG o.s.s.w.a.AccessDeniedHandlerImpl - Responding with 403 status code
2025-01-17 18:51:02.143 [Test worker] DEBUG o.s.s.w.c.HttpSessionSecurityContextRepository - Created HttpSession as SecurityContext is non-default
2025-01-17 18:51:02.144 [Test worker] DEBUG o.s.s.w.c.HttpSessionSecurityContextRepository - Stored SecurityContextImpl [Authentication=UsernamePasswordAuthenticationToken [Principal=org.springframework.security.core.userdetails.User [Username=testuser, Password=[PROTECTED], Enabled=true, AccountNonExpired=true, CredentialsNonExpired=true, AccountNonLocked=true, Granted Authorities=[ROLE_USER]], Credentials=[PROTECTED], Authenticated=true, Details=null, Granted Authorities=[ROLE_USER]]] to HttpSession [org.springframework.mock.web.MockHttpSession@3ace65df]
2025-01-17 18:51:02.145 [Test worker] DEBUG o.s.security.web.FilterChainProxy - Securing GET /api/chunks
2025-01-17 18:51:02.169 [Test worker] DEBUG o.s.s.w.c.HttpSessionSecurityContextRepository - Retrieved SecurityContextImpl [Authentication=UsernamePasswordAuthenticationToken [Principal=org.springframework.security.core.userdetails.User [Username=testuser, Password=[PROTECTED], Enabled=true, AccountNonExpired=true, CredentialsNonExpired=true, AccountNonLocked=true, Granted Authorities=[ROLE_USER]], Credentials=[PROTECTED], Authenticated=true, Details=null, Granted Authorities=[ROLE_USER]]]
2025-01-17 18:51:02.171 [Test worker] DEBUG o.s.security.web.FilterChainProxy - Secured GET /api/chunks
2025-01-17 18:59:43.610 [main] INFO  languages.map.MapApplication - Starting MapApplication using Java 17.0.9 with PID 2712 (C:\Projects\Map\backend\build\classes\java\main started by Mykyta in C:\Projects\Map\backend)
2025-01-17 18:59:43.613 [main] DEBUG languages.map.MapApplication - Running with Spring Boot v3.4.0, Spring v6.2.0
2025-01-17 18:59:43.615 [main] INFO  languages.map.MapApplication - No active profile set, falling back to 1 default profile: "default"
2025-01-17 18:59:44.551 [main] INFO  o.s.d.r.c.RepositoryConfigurationDelegate - Bootstrapping Spring Data MongoDB repositories in DEFAULT mode.
2025-01-17 18:59:44.624 [main] INFO  o.s.d.r.c.RepositoryConfigurationDelegate - Finished Spring Data repository scanning in 64 ms. Found 2 MongoDB repository interfaces.
2025-01-17 19:00:04.436 [main] INFO  o.s.t.context.aot.TestClassScanner - Scanning for Spring test classes in all packages in classpath roots [C:\Projects\Map\backend\build\classes\java\test]
2025-01-17 19:00:05.012 [main] INFO  o.s.t.c.s.AnnotationConfigContextLoaderUtils - Could not detect default configuration classes for test class [languages.map.MapApplicationTests]: MapApplicationTests does not declare any static, non-private, non-final, nested classes annotated with @Configuration.
2025-01-17 19:00:05.183 [main] INFO  o.s.b.t.c.SpringBootTestContextBootstrapper - Found @SpringBootConfiguration languages.map.MapApplication for test class languages.map.MapApplicationTests
2025-01-17 19:00:05.912 [main] INFO  languages.map.MapApplicationTests - Starting MapApplicationTests using Java 17.0.9 with PID 2288 (C:\Projects\Map\backend\build\classes\java\test started by Mykyta in C:\Projects\Map\backend)
2025-01-17 19:00:05.914 [main] DEBUG languages.map.MapApplicationTests - Running with Spring Boot v3.4.0, Spring v6.2.0
2025-01-17 19:00:05.916 [main] INFO  languages.map.MapApplicationTests - No active profile set, falling back to 1 default profile: "default"
2025-01-17 19:00:07.229 [main] INFO  o.s.d.r.c.RepositoryConfigurationDelegate - Bootstrapping Spring Data MongoDB repositories in DEFAULT mode.
2025-01-17 19:00:07.343 [main] INFO  o.s.d.r.c.RepositoryConfigurationDelegate - Finished Spring Data repository scanning in 104 ms. Found 2 MongoDB repository interfaces.
2025-01-17 19:00:10.523 [main] INFO  l.map.controller.ControllersTest - Starting ControllersTest using Java 17.0.9 with PID 2288 (C:\Projects\Map\backend\build\classes\java\test started by Mykyta in C:\Projects\Map\backend)
2025-01-17 19:00:10.523 [main] DEBUG l.map.controller.ControllersTest - Running with Spring Boot v3.4.0, Spring v6.2.0
2025-01-17 19:00:10.525 [main] INFO  l.map.controller.ControllersTest - No active profile set, falling back to 1 default profile: "default"
2025-01-17 19:00:24.661 [Test worker] INFO  o.s.t.c.s.AnnotationConfigContextLoaderUtils - Could not detect default configuration classes for test class [languages.map.MapApplicationTests]: MapApplicationTests does not declare any static, non-private, non-final, nested classes annotated with @Configuration.
2025-01-17 19:00:24.910 [Test worker] INFO  o.s.b.t.c.SpringBootTestContextBootstrapper - Found @SpringBootConfiguration languages.map.MapApplication for test class languages.map.MapApplicationTests
2025-01-17 19:00:25.632 [Test worker] INFO  languages.map.MapApplicationTests - Starting MapApplicationTests using Java 17.0.9 with PID 10628 (started by Mykyta in C:\Projects\Map\backend)
2025-01-17 19:00:25.633 [Test worker] DEBUG languages.map.MapApplicationTests - Running with Spring Boot v3.4.0, Spring v6.2.0
2025-01-17 19:00:25.635 [Test worker] INFO  languages.map.MapApplicationTests - No active profile set, falling back to 1 default profile: "default"
2025-01-17 19:00:26.973 [Test worker] INFO  o.s.d.r.c.RepositoryConfigurationDelegate - Bootstrapping Spring Data MongoDB repositories in DEFAULT mode.
2025-01-17 19:00:27.093 [Test worker] INFO  o.s.d.r.c.RepositoryConfigurationDelegate - Finished Spring Data repository scanning in 107 ms. Found 2 MongoDB repository interfaces.
2025-01-17 19:00:27.895 [cluster-ClusterId{value='678a8cab6c9e01162b452b2c', description='null'}-srv-cluster0.gnh8e.mongodb.net] INFO  org.mongodb.driver.cluster - Adding discovered server cluster0-shard-00-00.gnh8e.mongodb.net:27017 to client view of cluster
2025-01-17 19:00:27.952 [Test worker] INFO  org.mongodb.driver.client - MongoClient with metadata {"driver": {"name": "mongo-java-driver|sync|spring-boot", "version": "4.11.2"}, "os": {"type": "Windows", "name": "Windows 11", "architecture": "amd64", "version": "10.0"}, "platform": "Java/GraalVM Community/17.0.9+9-jvmci-23.0-b22"} created with settings MongoClientSettings{readPreference=primary, writeConcern=WriteConcern{w=null, wTimeout=null ms, journal=null}, retryWrites=true, retryReads=true, readConcern=ReadConcern{level=null}, credential=MongoCredential{mechanism=null, userName='nktpedko', source='admin', password=<hidden>, mechanismProperties=<hidden>}, transportSettings=null, streamFactoryFactory=null, commandListeners=[], codecRegistry=ProvidersCodecRegistry{codecProviders=[ValueCodecProvider{}, BsonValueCodecProvider{}, DBRefCodecProvider{}, DBObjectCodecProvider{}, DocumentCodecProvider{}, CollectionCodecProvider{}, IterableCodecProvider{}, MapCodecProvider{}, GeoJsonCodecProvider{}, GridFSFileCodecProvider{}, Jsr310CodecProvider{}, JsonObjectCodecProvider{}, BsonCodecProvider{}, EnumCodecProvider{}, com.mongodb.client.model.mql.ExpressionCodecProvider@478fb7dc, com.mongodb.Jep395RecordCodecProvider@29d25e65, com.mongodb.KotlinCodecProvider@19b75b2b]}, loggerSettings=LoggerSettings{maxDocumentLength=1000}, clusterSettings={hosts=[127.0.0.1:27017], srvHost=cluster0.gnh8e.mongodb.net, srvServiceName=mongodb, mode=MULTIPLE, requiredClusterType=REPLICA_SET, requiredReplicaSetName='atlas-7rr5hv-shard-0', serverSelector='null', clusterListeners='[]', serverSelectionTimeout='30000 ms', localThreshold='15 ms'}, socketSettings=SocketSettings{connectTimeoutMS=10000, readTimeoutMS=0, receiveBufferSize=0, proxySettings=ProxySettings{host=null, port=null, username=null, password=null}}, heartbeatSocketSettings=SocketSettings{connectTimeoutMS=10000, readTimeoutMS=10000, receiveBufferSize=0, proxySettings=ProxySettings{host=null, port=null, username=null, password=null}}, connectionPoolSettings=ConnectionPoolSettings{maxSize=100, minSize=0, maxWaitTimeMS=120000, maxConnectionLifeTimeMS=0, maxConnectionIdleTimeMS=0, maintenanceInitialDelayMS=0, maintenanceFrequencyMS=60000, connectionPoolListeners=[], maxConnecting=2}, serverSettings=ServerSettings{heartbeatFrequencyMS=10000, minHeartbeatFrequencyMS=500, serverListeners='[]', serverMonitorListeners='[]'}, sslSettings=SslSettings{enabled=true, invalidHostNameAllowed=false, context=null}, applicationName='null', compressorList=[], uuidRepresentation=JAVA_LEGACY, serverApi=null, autoEncryptionSettings=null, dnsClient=null, inetAddressResolver=null, contextProvider=null}
2025-01-17 19:00:27.964 [cluster-ClusterId{value='678a8cab6c9e01162b452b2c', description='null'}-srv-cluster0.gnh8e.mongodb.net] INFO  org.mongodb.driver.cluster - Adding discovered server cluster0-shard-00-02.gnh8e.mongodb.net:27017 to client view of cluster
2025-01-17 19:00:27.972 [cluster-ClusterId{value='678a8cab6c9e01162b452b2c', description='null'}-srv-cluster0.gnh8e.mongodb.net] INFO  org.mongodb.driver.cluster - Adding discovered server cluster0-shard-00-01.gnh8e.mongodb.net:27017 to client view of cluster
2025-01-17 19:00:28.926 [cluster-ClusterId{value='678a8cab6c9e01162b452b2c', description='null'}-cluster0-shard-00-02.gnh8e.mongodb.net:27017] INFO  org.mongodb.driver.cluster - Monitor thread successfully connected to server with description ServerDescription{address=cluster0-shard-00-02.gnh8e.mongodb.net:27017, type=REPLICA_SET_SECONDARY, state=CONNECTED, ok=true, minWireVersion=0, maxWireVersion=25, maxDocumentSize=16777216, logicalSessionTimeoutMinutes=30, roundTripTimeNanos=604973800, setName='atlas-7rr5hv-shard-0', canonicalAddress=cluster0-shard-00-02.gnh8e.mongodb.net:27017, hosts=[cluster0-shard-00-02.gnh8e.mongodb.net:27017, cluster0-shard-00-01.gnh8e.mongodb.net:27017, cluster0-shard-00-00.gnh8e.mongodb.net:27017], passives=[], arbiters=[], primary='cluster0-shard-00-01.gnh8e.mongodb.net:27017', tagSet=TagSet{[Tag{name='availabilityZone', value='eun1-az3'}, Tag{name='diskState', value='READY'}, Tag{name='nodeType', value='ELECTABLE'}, Tag{name='provider', value='AWS'}, Tag{name='region', value='EU_NORTH_1'}, Tag{name='workloadType', value='OPERATIONAL'}]}, electionId=null, setVersion=28, topologyVersion=TopologyVersion{processId=677c1352bae4bb0124eaead6, counter=3}, lastWriteDate=Fri Jan 17 19:00:29 EET 2025, lastUpdateTimeNanos=262031856131800}
2025-01-17 19:00:28.926 [cluster-ClusterId{value='678a8cab6c9e01162b452b2c', description='null'}-cluster0-shard-00-00.gnh8e.mongodb.net:27017] INFO  org.mongodb.driver.cluster - Monitor thread successfully connected to server with description ServerDescription{address=cluster0-shard-00-00.gnh8e.mongodb.net:27017, type=REPLICA_SET_SECONDARY, state=CONNECTED, ok=true, minWireVersion=0, maxWireVersion=25, maxDocumentSize=16777216, logicalSessionTimeoutMinutes=30, roundTripTimeNanos=604528600, setName='atlas-7rr5hv-shard-0', canonicalAddress=cluster0-shard-00-00.gnh8e.mongodb.net:27017, hosts=[cluster0-shard-00-02.gnh8e.mongodb.net:27017, cluster0-shard-00-01.gnh8e.mongodb.net:27017, cluster0-shard-00-00.gnh8e.mongodb.net:27017], passives=[], arbiters=[], primary='cluster0-shard-00-01.gnh8e.mongodb.net:27017', tagSet=TagSet{[Tag{name='availabilityZone', value='eun1-az1'}, Tag{name='diskState', value='READY'}, Tag{name='nodeType', value='ELECTABLE'}, Tag{name='provider', value='AWS'}, Tag{name='region', value='EU_NORTH_1'}, Tag{name='workloadType', value='OPERATIONAL'}]}, electionId=null, setVersion=28, topologyVersion=TopologyVersion{processId=677c0cecad7c3a5d7b591be1, counter=4}, lastWriteDate=Fri Jan 17 19:00:29 EET 2025, lastUpdateTimeNanos=262031855725600}
2025-01-17 19:00:28.926 [cluster-ClusterId{value='678a8cab6c9e01162b452b2c', description='null'}-cluster0-shard-00-01.gnh8e.mongodb.net:27017] INFO  org.mongodb.driver.cluster - Monitor thread successfully connected to server with description ServerDescription{address=cluster0-shard-00-01.gnh8e.mongodb.net:27017, type=REPLICA_SET_PRIMARY, state=CONNECTED, ok=true, minWireVersion=0, maxWireVersion=25, maxDocumentSize=16777216, logicalSessionTimeoutMinutes=30, roundTripTimeNanos=604584100, setName='atlas-7rr5hv-shard-0', canonicalAddress=cluster0-shard-00-01.gnh8e.mongodb.net:27017, hosts=[cluster0-shard-00-02.gnh8e.mongodb.net:27017, cluster0-shard-00-01.gnh8e.mongodb.net:27017, cluster0-shard-00-00.gnh8e.mongodb.net:27017], passives=[], arbiters=[], primary='cluster0-shard-00-01.gnh8e.mongodb.net:27017', tagSet=TagSet{[Tag{name='availabilityZone', value='eun1-az2'}, Tag{name='diskState', value='READY'}, Tag{name='nodeType', value='ELECTABLE'}, Tag{name='provider', value='AWS'}, Tag{name='region', value='EU_NORTH_1'}, Tag{name='workloadType', value='OPERATIONAL'}]}, electionId=7fffffff00000000000000a4, setVersion=28, topologyVersion=TopologyVersion{processId=677c0f69eab39be594a1a429, counter=6}, lastWriteDate=Fri Jan 17 19:00:29 EET 2025, lastUpdateTimeNanos=262031855724500}
2025-01-17 19:00:28.939 [cluster-ClusterId{value='678a8cab6c9e01162b452b2c', description='null'}-cluster0-shard-00-01.gnh8e.mongodb.net:27017] INFO  org.mongodb.driver.cluster - Discovered replica set primary cluster0-shard-00-01.gnh8e.mongodb.net:27017 with max election id 7fffffff00000000000000a4 and max set version 28
2025-01-17 19:00:29.159 [Test worker] WARN  o.s.b.a.s.s.UserDetailsServiceAutoConfiguration - 

Using generated security password: 1791618c-1253-4686-a2da-97a6f978fa5b

This generated password is for development use only. Your security configuration must be updated before running your application in production.

2025-01-17 19:00:29.211 [Test worker] INFO  o.s.s.c.a.a.c.InitializeUserDetailsBeanManagerConfigurer$InitializeUserDetailsManagerConfigurer - Global AuthenticationManager configured with UserDetailsService bean with name inMemoryUserDetailsManager
2025-01-17 19:00:29.383 [Test worker] INFO  o.s.b.a.w.s.WelcomePageHandlerMapping - Adding welcome page: URL [file:/C:/Projects/Map/client/index.html]
2025-01-17 19:00:29.805 [Test worker] DEBUG o.s.s.web.DefaultSecurityFilterChain - Will secure any request with filters: DisableEncodeUrlFilter, WebAsyncManagerIntegrationFilter, SecurityContextHolderFilter, HeaderWriterFilter, LogoutFilter, RequestCacheAwareFilter, SecurityContextHolderAwareRequestFilter, AnonymousAuthenticationFilter, ExceptionTranslationFilter, AuthorizationFilter
2025-01-17 19:00:30.386 [Test worker] INFO  languages.map.MapApplicationTests - Started MapApplicationTests in 5.211 seconds (process running for 7.76)
2025-01-17 19:00:31.991 [Test worker] INFO  l.map.controller.ControllersTest - Starting ControllersTest using Java 17.0.9 with PID 10628 (started by Mykyta in C:\Projects\Map\backend)
2025-01-17 19:00:31.991 [Test worker] DEBUG l.map.controller.ControllersTest - Running with Spring Boot v3.4.0, Spring v6.2.0
2025-01-17 19:00:31.992 [Test worker] INFO  l.map.controller.ControllersTest - No active profile set, falling back to 1 default profile: "default"
2025-01-17 19:00:33.002 [Test worker] INFO  o.s.b.a.w.s.WelcomePageHandlerMapping - Adding welcome page: URL [file:/C:/Projects/Map/client/index.html]
2025-01-17 19:00:33.505 [Test worker] WARN  o.s.b.a.s.s.UserDetailsServiceAutoConfiguration - 

Using generated security password: 227776c7-1878-4526-b60b-ccee73bd027f

This generated password is for development use only. Your security configuration must be updated before running your application in production.

2025-01-17 19:00:33.514 [Test worker] INFO  o.s.s.c.a.a.c.InitializeUserDetailsBeanManagerConfigurer$InitializeUserDetailsManagerConfigurer - Global AuthenticationManager configured with UserDetailsService bean with name inMemoryUserDetailsManager
2025-01-17 19:00:33.656 [Test worker] DEBUG o.s.s.web.DefaultSecurityFilterChain - Will secure any request with filters: DisableEncodeUrlFilter, WebAsyncManagerIntegrationFilter, SecurityContextHolderFilter, HeaderWriterFilter, CsrfFilter, LogoutFilter, UsernamePasswordAuthenticationFilter, DefaultResourcesFilter, DefaultLoginPageGeneratingFilter, DefaultLogoutPageGeneratingFilter, BasicAuthenticationFilter, RequestCacheAwareFilter, SecurityContextHolderAwareRequestFilter, AnonymousAuthenticationFilter, ExceptionTranslationFilter, AuthorizationFilter
2025-01-17 19:00:33.909 [Test worker] INFO  o.s.b.t.m.w.SpringBootMockServletContext - Initializing Spring TestDispatcherServlet ''
2025-01-17 19:00:33.912 [Test worker] INFO  o.s.t.w.s.TestDispatcherServlet - Initializing Servlet ''
2025-01-17 19:00:33.918 [Test worker] INFO  o.s.t.w.s.TestDispatcherServlet - Completed initialization in 3 ms
2025-01-17 19:00:33.974 [Test worker] INFO  l.map.controller.ControllersTest - Started ControllersTest in 2.032 seconds (process running for 11.348)
2025-01-17 19:00:34.146 [Test worker] DEBUG o.s.security.web.FilterChainProxy - Securing POST /api/chunks
2025-01-17 19:00:34.197 [Test worker] DEBUG o.s.security.web.csrf.CsrfFilter - Invalid CSRF token found for http://localhost/api/chunks
2025-01-17 19:00:34.201 [Test worker] DEBUG o.s.s.w.a.AccessDeniedHandlerImpl - Responding with 403 status code
2025-01-17 19:00:34.506 [Test worker] DEBUG o.s.s.w.c.HttpSessionSecurityContextRepository - Created HttpSession as SecurityContext is non-default
2025-01-17 19:00:34.507 [Test worker] DEBUG o.s.s.w.c.HttpSessionSecurityContextRepository - Stored SecurityContextImpl [Authentication=UsernamePasswordAuthenticationToken [Principal=org.springframework.security.core.userdetails.User [Username=testuser, Password=[PROTECTED], Enabled=true, AccountNonExpired=true, CredentialsNonExpired=true, AccountNonLocked=true, Granted Authorities=[ROLE_USER]], Credentials=[PROTECTED], Authenticated=true, Details=null, Granted Authorities=[ROLE_USER]]] to HttpSession [org.springframework.mock.web.MockHttpSession@24bdd996]
2025-01-17 19:00:34.510 [Test worker] DEBUG o.s.security.web.FilterChainProxy - Securing POST /api/chunks
2025-01-17 19:00:34.516 [Test worker] DEBUG o.s.security.web.csrf.CsrfFilter - Invalid CSRF token found for http://localhost/api/chunks
2025-01-17 19:00:34.517 [Test worker] DEBUG o.s.s.w.a.AccessDeniedHandlerImpl - Responding with 403 status code
2025-01-17 19:00:34.601 [Test worker] DEBUG o.s.s.w.c.HttpSessionSecurityContextRepository - Created HttpSession as SecurityContext is non-default
2025-01-17 19:00:34.602 [Test worker] DEBUG o.s.s.w.c.HttpSessionSecurityContextRepository - Stored SecurityContextImpl [Authentication=UsernamePasswordAuthenticationToken [Principal=org.springframework.security.core.userdetails.User [Username=testuser, Password=[PROTECTED], Enabled=true, AccountNonExpired=true, CredentialsNonExpired=true, AccountNonLocked=true, Granted Authorities=[ROLE_USER]], Credentials=[PROTECTED], Authenticated=true, Details=null, Granted Authorities=[ROLE_USER]]] to HttpSession [org.springframework.mock.web.MockHttpSession@61ec2cb5]
2025-01-17 19:00:34.606 [Test worker] DEBUG o.s.security.web.FilterChainProxy - Securing GET /api/chunks
2025-01-17 19:00:34.631 [Test worker] DEBUG o.s.s.w.c.HttpSessionSecurityContextRepository - Retrieved SecurityContextImpl [Authentication=UsernamePasswordAuthenticationToken [Principal=org.springframework.security.core.userdetails.User [Username=testuser, Password=[PROTECTED], Enabled=true, AccountNonExpired=true, CredentialsNonExpired=true, AccountNonLocked=true, Granted Authorities=[ROLE_USER]], Credentials=[PROTECTED], Authenticated=true, Details=null, Granted Authorities=[ROLE_USER]]]
2025-01-17 19:00:34.636 [Test worker] DEBUG o.s.security.web.FilterChainProxy - Secured GET /api/chunks
2025-01-17 19:02:22.243 [main] INFO  o.s.t.context.aot.TestClassScanner - Scanning for Spring test classes in all packages in classpath roots [C:\Projects\Map\backend\build\classes\java\test]
2025-01-17 19:02:23.016 [main] INFO  o.s.t.c.s.AnnotationConfigContextLoaderUtils - Could not detect default configuration classes for test class [languages.map.MapApplicationTests]: MapApplicationTests does not declare any static, non-private, non-final, nested classes annotated with @Configuration.
2025-01-17 19:02:23.193 [main] INFO  o.s.b.t.c.SpringBootTestContextBootstrapper - Found @SpringBootConfiguration languages.map.MapApplication for test class languages.map.MapApplicationTests
2025-01-17 19:02:24.013 [main] INFO  languages.map.MapApplicationTests - Starting MapApplicationTests using Java 17.0.9 with PID 8704 (C:\Projects\Map\backend\build\classes\java\test started by Mykyta in C:\Projects\Map\backend)
2025-01-17 19:02:24.014 [main] DEBUG languages.map.MapApplicationTests - Running with Spring Boot v3.4.0, Spring v6.2.0
2025-01-17 19:02:24.016 [main] INFO  languages.map.MapApplicationTests - No active profile set, falling back to 1 default profile: "default"
2025-01-17 19:02:25.499 [main] INFO  o.s.d.r.c.RepositoryConfigurationDelegate - Bootstrapping Spring Data MongoDB repositories in DEFAULT mode.
2025-01-17 19:02:25.604 [main] INFO  o.s.d.r.c.RepositoryConfigurationDelegate - Finished Spring Data repository scanning in 95 ms. Found 2 MongoDB repository interfaces.
2025-01-17 19:02:29.164 [main] INFO  l.map.controller.ControllersTest - Starting ControllersTest using Java 17.0.9 with PID 8704 (C:\Projects\Map\backend\build\classes\java\test started by Mykyta in C:\Projects\Map\backend)
2025-01-17 19:02:29.165 [main] DEBUG l.map.controller.ControllersTest - Running with Spring Boot v3.4.0, Spring v6.2.0
2025-01-17 19:02:29.166 [main] INFO  l.map.controller.ControllersTest - No active profile set, falling back to 1 default profile: "default"
2025-01-17 19:02:44.634 [Test worker] INFO  l.map.controller.ControllersTest - Starting ControllersTest using Java 17.0.9 with PID 20380 (started by Mykyta in C:\Projects\Map\backend)
2025-01-17 19:02:44.638 [Test worker] DEBUG l.map.controller.ControllersTest - Running with Spring Boot v3.4.0, Spring v6.2.0
2025-01-17 19:02:44.640 [Test worker] INFO  l.map.controller.ControllersTest - No active profile set, falling back to 1 default profile: "default"
2025-01-17 19:02:48.129 [Test worker] INFO  o.s.b.a.w.s.WelcomePageHandlerMapping - Adding welcome page: URL [file:/C:/Projects/Map/client/index.html]
2025-01-17 19:02:49.030 [Test worker] WARN  o.s.b.a.s.s.UserDetailsServiceAutoConfiguration - 

Using generated security password: 7b6f8627-399d-44fd-bfc9-e3c507682fa0

This generated password is for development use only. Your security configuration must be updated before running your application in production.

2025-01-17 19:02:49.086 [Test worker] INFO  o.s.s.c.a.a.c.InitializeUserDetailsBeanManagerConfigurer$InitializeUserDetailsManagerConfigurer - Global AuthenticationManager configured with UserDetailsService bean with name inMemoryUserDetailsManager
2025-01-17 19:02:49.332 [Test worker] DEBUG o.s.s.web.DefaultSecurityFilterChain - Will secure any request with filters: DisableEncodeUrlFilter, WebAsyncManagerIntegrationFilter, SecurityContextHolderFilter, HeaderWriterFilter, CsrfFilter, LogoutFilter, UsernamePasswordAuthenticationFilter, DefaultResourcesFilter, DefaultLoginPageGeneratingFilter, DefaultLogoutPageGeneratingFilter, BasicAuthenticationFilter, RequestCacheAwareFilter, SecurityContextHolderAwareRequestFilter, AnonymousAuthenticationFilter, ExceptionTranslationFilter, AuthorizationFilter
2025-01-17 19:02:49.464 [Test worker] INFO  o.s.b.t.m.w.SpringBootMockServletContext - Initializing Spring TestDispatcherServlet ''
2025-01-17 19:02:49.466 [Test worker] INFO  o.s.t.w.s.TestDispatcherServlet - Initializing Servlet ''
2025-01-17 19:02:49.470 [Test worker] INFO  o.s.t.w.s.TestDispatcherServlet - Completed initialization in 3 ms
2025-01-17 19:02:49.534 [Test worker] INFO  l.map.controller.ControllersTest - Started ControllersTest in 5.52 seconds (process running for 7.821)
2025-01-17 19:02:49.659 [Test worker] DEBUG o.s.security.web.FilterChainProxy - Securing POST /api/chunks
2025-01-17 19:02:49.679 [Test worker] DEBUG o.s.security.web.csrf.CsrfFilter - Invalid CSRF token found for http://localhost/api/chunks
2025-01-17 19:02:49.680 [Test worker] DEBUG o.s.s.w.a.AccessDeniedHandlerImpl - Responding with 403 status code
2025-01-17 19:02:49.944 [Test worker] DEBUG o.s.s.w.c.HttpSessionSecurityContextRepository - Created HttpSession as SecurityContext is non-default
2025-01-17 19:02:49.946 [Test worker] DEBUG o.s.s.w.c.HttpSessionSecurityContextRepository - Stored SecurityContextImpl [Authentication=UsernamePasswordAuthenticationToken [Principal=org.springframework.security.core.userdetails.User [Username=testuser, Password=[PROTECTED], Enabled=true, AccountNonExpired=true, CredentialsNonExpired=true, AccountNonLocked=true, Granted Authorities=[ROLE_USER]], Credentials=[PROTECTED], Authenticated=true, Details=null, Granted Authorities=[ROLE_USER]]] to HttpSession [org.springframework.mock.web.MockHttpSession@85cd413]
2025-01-17 19:02:49.949 [Test worker] DEBUG o.s.security.web.FilterChainProxy - Securing POST /api/chunks
2025-01-17 19:02:49.953 [Test worker] DEBUG o.s.security.web.csrf.CsrfFilter - Invalid CSRF token found for http://localhost/api/chunks
2025-01-17 19:02:49.954 [Test worker] DEBUG o.s.s.w.a.AccessDeniedHandlerImpl - Responding with 403 status code
2025-01-17 19:02:50.017 [Test worker] DEBUG o.s.s.w.c.HttpSessionSecurityContextRepository - Created HttpSession as SecurityContext is non-default
2025-01-17 19:02:50.018 [Test worker] DEBUG o.s.s.w.c.HttpSessionSecurityContextRepository - Stored SecurityContextImpl [Authentication=UsernamePasswordAuthenticationToken [Principal=org.springframework.security.core.userdetails.User [Username=testuser, Password=[PROTECTED], Enabled=true, AccountNonExpired=true, CredentialsNonExpired=true, AccountNonLocked=true, Granted Authorities=[ROLE_USER]], Credentials=[PROTECTED], Authenticated=true, Details=null, Granted Authorities=[ROLE_USER]]] to HttpSession [org.springframework.mock.web.MockHttpSession@3dea1ecc]
2025-01-17 19:02:50.021 [Test worker] DEBUG o.s.security.web.FilterChainProxy - Securing GET /api/chunks
2025-01-17 19:02:50.031 [Test worker] DEBUG o.s.s.w.c.HttpSessionSecurityContextRepository - Retrieved SecurityContextImpl [Authentication=UsernamePasswordAuthenticationToken [Principal=org.springframework.security.core.userdetails.User [Username=testuser, Password=[PROTECTED], Enabled=true, AccountNonExpired=true, CredentialsNonExpired=true, AccountNonLocked=true, Granted Authorities=[ROLE_USER]], Credentials=[PROTECTED], Authenticated=true, Details=null, Granted Authorities=[ROLE_USER]]]
2025-01-17 19:02:50.033 [Test worker] DEBUG o.s.security.web.FilterChainProxy - Secured GET /api/chunks
2025-01-17 19:04:13.992 [main] INFO  o.s.t.context.aot.TestClassScanner - Scanning for Spring test classes in all packages in classpath roots [C:\Projects\Map\backend\build\classes\java\test]
2025-01-17 19:04:14.447 [main] INFO  o.s.t.c.s.AnnotationConfigContextLoaderUtils - Could not detect default configuration classes for test class [languages.map.MapApplicationTests]: MapApplicationTests does not declare any static, non-private, non-final, nested classes annotated with @Configuration.
2025-01-17 19:04:14.539 [main] INFO  o.s.b.t.c.SpringBootTestContextBootstrapper - Found @SpringBootConfiguration languages.map.MapApplication for test class languages.map.MapApplicationTests
2025-01-17 19:04:14.999 [main] INFO  languages.map.MapApplicationTests - Starting MapApplicationTests using Java 17.0.9 with PID 8692 (C:\Projects\Map\backend\build\classes\java\test started by Mykyta in C:\Projects\Map\backend)
2025-01-17 19:04:15.000 [main] DEBUG languages.map.MapApplicationTests - Running with Spring Boot v3.4.0, Spring v6.2.0
2025-01-17 19:04:15.002 [main] INFO  languages.map.MapApplicationTests - No active profile set, falling back to 1 default profile: "default"
2025-01-17 19:04:15.758 [main] INFO  o.s.d.r.c.RepositoryConfigurationDelegate - Bootstrapping Spring Data MongoDB repositories in DEFAULT mode.
2025-01-17 19:04:15.844 [main] INFO  o.s.d.r.c.RepositoryConfigurationDelegate - Finished Spring Data repository scanning in 75 ms. Found 2 MongoDB repository interfaces.
2025-01-17 19:04:17.923 [main] INFO  l.map.controller.ControllersTest - Starting ControllersTest using Java 17.0.9 with PID 8692 (C:\Projects\Map\backend\build\classes\java\test started by Mykyta in C:\Projects\Map\backend)
2025-01-17 19:04:17.923 [main] DEBUG l.map.controller.ControllersTest - Running with Spring Boot v3.4.0, Spring v6.2.0
2025-01-17 19:04:17.923 [main] INFO  l.map.controller.ControllersTest - No active profile set, falling back to 1 default profile: "default"
2025-01-17 19:04:26.268 [Test worker] INFO  l.map.controller.ControllersTest - Starting ControllersTest using Java 17.0.9 with PID 12956 (started by Mykyta in C:\Projects\Map\backend)
2025-01-17 19:04:26.271 [Test worker] DEBUG l.map.controller.ControllersTest - Running with Spring Boot v3.4.0, Spring v6.2.0
2025-01-17 19:04:26.272 [Test worker] INFO  l.map.controller.ControllersTest - No active profile set, falling back to 1 default profile: "default"
2025-01-17 19:04:28.711 [Test worker] INFO  o.s.b.a.w.s.WelcomePageHandlerMapping - Adding welcome page: URL [file:/C:/Projects/Map/client/index.html]
2025-01-17 19:04:29.314 [Test worker] WARN  o.s.b.a.s.s.UserDetailsServiceAutoConfiguration - 

Using generated security password: 4f4899bc-c8d3-446e-b314-82eb5ecab8c4

This generated password is for development use only. Your security configuration must be updated before running your application in production.

2025-01-17 19:04:29.350 [Test worker] INFO  o.s.s.c.a.a.c.InitializeUserDetailsBeanManagerConfigurer$InitializeUserDetailsManagerConfigurer - Global AuthenticationManager configured with UserDetailsService bean with name inMemoryUserDetailsManager
2025-01-17 19:04:29.605 [Test worker] DEBUG o.s.s.web.DefaultSecurityFilterChain - Will secure any request with filters: DisableEncodeUrlFilter, WebAsyncManagerIntegrationFilter, SecurityContextHolderFilter, HeaderWriterFilter, CsrfFilter, LogoutFilter, UsernamePasswordAuthenticationFilter, DefaultResourcesFilter, DefaultLoginPageGeneratingFilter, DefaultLogoutPageGeneratingFilter, BasicAuthenticationFilter, RequestCacheAwareFilter, SecurityContextHolderAwareRequestFilter, AnonymousAuthenticationFilter, ExceptionTranslationFilter, AuthorizationFilter
2025-01-17 19:04:29.755 [Test worker] INFO  o.s.b.t.m.w.SpringBootMockServletContext - Initializing Spring TestDispatcherServlet ''
2025-01-17 19:04:29.756 [Test worker] INFO  o.s.t.w.s.TestDispatcherServlet - Initializing Servlet ''
2025-01-17 19:04:29.759 [Test worker] INFO  o.s.t.w.s.TestDispatcherServlet - Completed initialization in 2 ms
2025-01-17 19:04:29.837 [Test worker] INFO  l.map.controller.ControllersTest - Started ControllersTest in 3.979 seconds (process running for 5.394)
2025-01-17 19:04:30.197 [Test worker] DEBUG o.s.s.w.c.HttpSessionSecurityContextRepository - Created HttpSession as SecurityContext is non-default
2025-01-17 19:04:30.200 [Test worker] DEBUG o.s.s.w.c.HttpSessionSecurityContextRepository - Stored SecurityContextImpl [Authentication=UsernamePasswordAuthenticationToken [Principal=org.springframework.security.core.userdetails.User [Username=testuser, Password=[PROTECTED], Enabled=true, AccountNonExpired=true, CredentialsNonExpired=true, AccountNonLocked=true, Granted Authorities=[ROLE_USER]], Credentials=[PROTECTED], Authenticated=true, Details=null, Granted Authorities=[ROLE_USER]]] to HttpSession [org.springframework.mock.web.MockHttpSession@7ef60c02]
2025-01-17 19:04:30.243 [Test worker] DEBUG o.s.security.web.FilterChainProxy - Securing POST /8080/api/chunks
2025-01-17 19:04:30.263 [Test worker] DEBUG o.s.security.web.csrf.CsrfFilter - Invalid CSRF token found for http://localhost/8080/api/chunks
2025-01-17 19:04:30.264 [Test worker] DEBUG o.s.s.w.a.AccessDeniedHandlerImpl - Responding with 403 status code
2025-01-17 19:04:30.386 [Test worker] DEBUG o.s.s.w.c.HttpSessionSecurityContextRepository - Created HttpSession as SecurityContext is non-default
2025-01-17 19:04:30.387 [Test worker] DEBUG o.s.s.w.c.HttpSessionSecurityContextRepository - Stored SecurityContextImpl [Authentication=UsernamePasswordAuthenticationToken [Principal=org.springframework.security.core.userdetails.User [Username=testuser, Password=[PROTECTED], Enabled=true, AccountNonExpired=true, CredentialsNonExpired=true, AccountNonLocked=true, Granted Authorities=[ROLE_USER]], Credentials=[PROTECTED], Authenticated=true, Details=null, Granted Authorities=[ROLE_USER]]] to HttpSession [org.springframework.mock.web.MockHttpSession@2579d8a]
2025-01-17 19:04:30.391 [Test worker] DEBUG o.s.security.web.FilterChainProxy - Securing GET /8080/api/chunks
2025-01-17 19:04:30.399 [Test worker] DEBUG o.s.s.w.c.HttpSessionSecurityContextRepository - Retrieved SecurityContextImpl [Authentication=UsernamePasswordAuthenticationToken [Principal=org.springframework.security.core.userdetails.User [Username=testuser, Password=[PROTECTED], Enabled=true, AccountNonExpired=true, CredentialsNonExpired=true, AccountNonLocked=true, Granted Authorities=[ROLE_USER]], Credentials=[PROTECTED], Authenticated=true, Details=null, Granted Authorities=[ROLE_USER]]]
2025-01-17 19:04:30.401 [Test worker] DEBUG o.s.security.web.FilterChainProxy - Secured GET /8080/api/chunks
2025-01-17 19:05:01.375 [Test worker] INFO  l.map.controller.ControllersTest - Starting ControllersTest using Java 17.0.9 with PID 15304 (started by Mykyta in C:\Projects\Map\backend)
2025-01-17 19:05:01.379 [Test worker] DEBUG l.map.controller.ControllersTest - Running with Spring Boot v3.4.0, Spring v6.2.0
2025-01-17 19:05:01.380 [Test worker] INFO  l.map.controller.ControllersTest - No active profile set, falling back to 1 default profile: "default"
2025-01-17 19:05:04.626 [Test worker] INFO  o.s.b.a.w.s.WelcomePageHandlerMapping - Adding welcome page: URL [file:/C:/Projects/Map/client/index.html]
2025-01-17 19:05:05.396 [Test worker] WARN  o.s.b.a.s.s.UserDetailsServiceAutoConfiguration - 

Using generated security password: 7be0637c-6128-42d3-916e-09e72de8e735

This generated password is for development use only. Your security configuration must be updated before running your application in production.

2025-01-17 19:05:05.443 [Test worker] INFO  o.s.s.c.a.a.c.InitializeUserDetailsBeanManagerConfigurer$InitializeUserDetailsManagerConfigurer - Global AuthenticationManager configured with UserDetailsService bean with name inMemoryUserDetailsManager
2025-01-17 19:05:05.675 [Test worker] DEBUG o.s.s.web.DefaultSecurityFilterChain - Will secure any request with filters: DisableEncodeUrlFilter, WebAsyncManagerIntegrationFilter, SecurityContextHolderFilter, HeaderWriterFilter, CsrfFilter, LogoutFilter, UsernamePasswordAuthenticationFilter, DefaultResourcesFilter, DefaultLoginPageGeneratingFilter, DefaultLogoutPageGeneratingFilter, BasicAuthenticationFilter, RequestCacheAwareFilter, SecurityContextHolderAwareRequestFilter, AnonymousAuthenticationFilter, ExceptionTranslationFilter, AuthorizationFilter
2025-01-17 19:05:05.805 [Test worker] INFO  o.s.b.t.m.w.SpringBootMockServletContext - Initializing Spring TestDispatcherServlet ''
2025-01-17 19:05:05.806 [Test worker] INFO  o.s.t.w.s.TestDispatcherServlet - Initializing Servlet ''
2025-01-17 19:05:05.811 [Test worker] INFO  o.s.t.w.s.TestDispatcherServlet - Completed initialization in 3 ms
2025-01-17 19:05:05.870 [Test worker] INFO  l.map.controller.ControllersTest - Started ControllersTest in 4.973 seconds (process running for 6.503)
2025-01-17 19:05:06.001 [Test worker] DEBUG o.s.security.web.FilterChainProxy - Securing POST /8080/api/chunks
2025-01-17 19:05:06.018 [Test worker] DEBUG o.s.security.web.csrf.CsrfFilter - Invalid CSRF token found for http://localhost/8080/api/chunks
2025-01-17 19:05:06.019 [Test worker] DEBUG o.s.s.w.a.AccessDeniedHandlerImpl - Responding with 403 status code
2025-01-17 19:06:04.136 [Test worker] INFO  l.map.controller.ControllersTest - Starting ControllersTest using Java 17.0.9 with PID 15036 (started by Mykyta in C:\Projects\Map\backend)
2025-01-17 19:06:04.139 [Test worker] DEBUG l.map.controller.ControllersTest - Running with Spring Boot v3.4.0, Spring v6.2.0
2025-01-17 19:06:04.142 [Test worker] INFO  l.map.controller.ControllersTest - No active profile set, falling back to 1 default profile: "default"
2025-01-17 19:06:08.235 [Test worker] INFO  o.s.b.a.w.s.WelcomePageHandlerMapping - Adding welcome page: URL [file:/C:/Projects/Map/client/index.html]
2025-01-17 19:06:09.255 [Test worker] WARN  o.s.b.a.s.s.UserDetailsServiceAutoConfiguration - 

Using generated security password: 6a09c085-071d-4e21-b8c5-5982dad56b23

This generated password is for development use only. Your security configuration must be updated before running your application in production.

2025-01-17 19:06:09.308 [Test worker] INFO  o.s.s.c.a.a.c.InitializeUserDetailsBeanManagerConfigurer$InitializeUserDetailsManagerConfigurer - Global AuthenticationManager configured with UserDetailsService bean with name inMemoryUserDetailsManager
2025-01-17 19:06:09.596 [Test worker] DEBUG o.s.s.web.DefaultSecurityFilterChain - Will secure any request with filters: DisableEncodeUrlFilter, WebAsyncManagerIntegrationFilter, SecurityContextHolderFilter, HeaderWriterFilter, CsrfFilter, LogoutFilter, UsernamePasswordAuthenticationFilter, DefaultResourcesFilter, DefaultLoginPageGeneratingFilter, DefaultLogoutPageGeneratingFilter, BasicAuthenticationFilter, RequestCacheAwareFilter, SecurityContextHolderAwareRequestFilter, AnonymousAuthenticationFilter, ExceptionTranslationFilter, AuthorizationFilter
2025-01-17 19:06:09.773 [Test worker] INFO  o.s.b.t.m.w.SpringBootMockServletContext - Initializing Spring TestDispatcherServlet ''
2025-01-17 19:06:09.774 [Test worker] INFO  o.s.t.w.s.TestDispatcherServlet - Initializing Servlet ''
2025-01-17 19:06:09.780 [Test worker] INFO  o.s.t.w.s.TestDispatcherServlet - Completed initialization in 4 ms
2025-01-17 19:06:09.875 [Test worker] INFO  l.map.controller.ControllersTest - Started ControllersTest in 6.189 seconds (process running for 7.547)
2025-01-17 19:06:10.213 [Test worker] DEBUG o.s.s.w.c.HttpSessionSecurityContextRepository - Created HttpSession as SecurityContext is non-default
2025-01-17 19:06:10.215 [Test worker] DEBUG o.s.s.w.c.HttpSessionSecurityContextRepository - Stored SecurityContextImpl [Authentication=UsernamePasswordAuthenticationToken [Principal=org.springframework.security.core.userdetails.User [Username=testuser, Password=[PROTECTED], Enabled=true, AccountNonExpired=true, CredentialsNonExpired=true, AccountNonLocked=true, Granted Authorities=[ROLE_USER]], Credentials=[PROTECTED], Authenticated=true, Details=null, Granted Authorities=[ROLE_USER]]] to HttpSession [org.springframework.mock.web.MockHttpSession@2aafa84f]
2025-01-17 19:06:10.260 [Test worker] DEBUG o.s.security.web.FilterChainProxy - Securing POST /8080/api/chunks
2025-01-17 19:06:10.306 [Test worker] DEBUG o.s.security.web.csrf.CsrfFilter - Invalid CSRF token found for http://localhost/8080/api/chunks
2025-01-17 19:06:10.307 [Test worker] DEBUG o.s.s.w.a.AccessDeniedHandlerImpl - Responding with 403 status code
